Arguments: 
  C:\Program Files\nodejs\node.exe C:\Program Files (x86)\Yarn\bin\yarn.js install

PATH: 
  C:\Python311\Scripts\;C:\Python311\;C:\WINDOWS\system32;C:\WINDOWS;C:\WINDOWS\System32\Wbem;C:\WINDOWS\System32\WindowsPowerShell\v1.0\;C:\WINDOWS\System32\OpenSSH\;C:\ProgramData\chocolatey\bin;C:\Program Files (x86)\Yarn\bin\;C:\Program Files\Git\cmd;C:\Program Files\SourceGear\Common\DiffMerge\;%NVM_HOME%;%NVM_SYMLINK%;C:\Program Files\Microsoft SQL Server\130\Tools\Binn\;C:\Program Files\Microsoft SQL Server\Client SDK\ODBC\170\Tools\Binn\;C:\Program Files\dotnet\;C:\Program Files\Docker\Docker\resources\bin;C:\Users\eigbinoba\AppData\Local\pnpm;C:\Users\eigbinoba\AppData\Local\Microsoft\WindowsApps;C:\Users\eigbinoba\AppData\Local\Programs\Microsoft VS Code\bin;C:\Users\eigbinoba\AppData\Roaming\npm;C:\Users\eigbinoba\AppData\Local\Yarn\bin;C:\Users\eigbinoba\AppData\Roaming\nvm;C:\Program Files\nodejs;C:\Users\eigbinoba\AppData\Local\Programs\Fiddler

Yarn version: 
  1.22.19

Node version: 
  16.20.0

Platform: 
  win32 x64

Trace: 
  Error: ENOENT: no such file or directory, copyfile 'C:\Users\eigbinoba\AppData\Local\Yarn\Cache\v6\npm-convert-source-map-2.0.0-4b560f649fc4e918dd0ab75cf4961e8bc882d82a-integrity\node_modules\convert-source-map\index.js' -> 'C:\Users\eigbinoba\Documents\Projects\benshai-ai-test\node_modules\@babel\core\node_modules\convert-source-map\index.js'

npm manifest: 
  {
    "name": "vue3-vite-typescript-jest",
    "version": "0.0.0",
    "scripts": {
      "dev": "vite",
      "build": "vite build",
      "preview": "vite preview",
      "lint": "eslint --fix .",
      "format": "prettier --write './**/*.{js,ts,vue,css,md,json,html}' --config ./.prettierrc",
      "test:unit": "jest",
      "typecheck": "vue-tsc --noEmit"
    },
    "dependencies": {
      "vue": "^3.2.22"
    },
    "devDependencies": {
      "@babel/core": "^7.16.0",
      "@babel/preset-env": "^7.16.4",
      "@types/jest": "^27.0.2",
      "@typescript-eslint/eslint-plugin": "^5.4.0",
      "@typescript-eslint/parser": "^5.4.0",
      "@vitejs/plugin-vue": "^1.9.4",
      "@vue/compiler-sfc": "^3.2.22",
      "@vue/eslint-config-typescript": "^9.1.0",
      "@vue/test-utils": "^2.0.0-rc.16",
      "@vue/vue3-jest": "^27.0.0-alpha.3",
      "babel-jest": "^27.3.1",
      "eslint": "^8.2.0",
      "eslint-config-prettier": "^8.3.0",
      "eslint-plugin-jest": "^25.2.4",
      "eslint-plugin-prettier": "^4.0.0",
      "eslint-plugin-simple-import-sort": "^7.0.0",
      "eslint-plugin-vue": "^8.0.3",
      "jest": "^27.3.1",
      "prettier": "^2.4.1",
      "ts-jest": "^27.0.7",
      "typescript": "^4.5.2",
      "vite": "^2.6.14",
      "vue-tsc": "^0.29.5"
    }
  }

yarn manifest: 
  No manifest

Lockfile: 
  No lockfile
